{
  "RSpec": {
    "coverage": {
      "C:/Users/Erkki/Documents/opiskelu/rubywepa/mtgcollection/config/environment.rb": [
        null,
        1,
        null,
        null,
        1
      ],
      "C:/Users/Erkki/Documents/opiskelu/rubywepa/mtgcollection/config/application.rb": [
        1,
        null,
        1,
        null,
        null,
        null,
        1,
        null,
        1,
        1,
        1,
        null,
        null,
        null,
        null,
        null,
        null,
        null,
        null,
        null,
        null,
        null,
        null,
        null
      ],
      "C:/Users/Erkki/Documents/opiskelu/rubywepa/mtgcollection/config/boot.rb": [
        null,
        1,
        null,
        1
      ],
      "C:/Users/Erkki/Documents/opiskelu/rubywepa/mtgcollection/config/environments/test.rb": [
        1,
        null,
        null,
        null,
        null,
        null,
        null,
        1,
        null,
        null,
        null,
        null,
        1,
        null,
        null,
        1,
        1,
        null,
        null,
        1,
        1,
        null,
        null,
        1,
        null,
        null,
        1,
        null,
        null,
        null,
        null,
        1,
        null,
        null,
        1,
        null
      ],
      "C:/Users/Erkki/Documents/opiskelu/rubywepa/mtgcollection/config/initializers/backtrace_silencers.rb": [
        null,
        null,
        null,
        null,
        null,
        null,
        null
      ],
      "C:/Users/Erkki/Documents/opiskelu/rubywepa/mtgcollection/config/initializers/filter_parameter_logging.rb": [
        null,
        null,
        null,
        1
      ],
      "C:/Users/Erkki/Documents/opiskelu/rubywepa/mtgcollection/config/initializers/inflections.rb": [
        null,
        null,
        null,
        null,
        null,
        null,
        null,
        null,
        null,
        null,
        null,
        null,
        null,
        null,
        null,
        null
      ],
      "C:/Users/Erkki/Documents/opiskelu/rubywepa/mtgcollection/config/initializers/mime_types.rb": [
        null,
        null,
        null,
        null,
        null
      ],
      "C:/Users/Erkki/Documents/opiskelu/rubywepa/mtgcollection/config/initializers/secret_token.rb": [
        null,
        null,
        null,
        null,
        null,
        null,
        null,
        null,
        null,
        null,
        null,
        1
      ],
      "C:/Users/Erkki/Documents/opiskelu/rubywepa/mtgcollection/config/initializers/session_store.rb": [
        null,
        null,
        1
      ],
      "C:/Users/Erkki/Documents/opiskelu/rubywepa/mtgcollection/config/initializers/wrap_parameters.rb": [
        null,
        null,
        null,
        null,
        null,
        null,
        1,
        1,
        null,
        null,
        null,
        null,
        null,
        null
      ],
      "C:/Users/Erkki/Documents/opiskelu/rubywepa/mtgcollection/spec/factories.rb": [
        1,
        1,
        1,
        1,
        1,
        null,
        null,
        1,
        1,
        1,
        null,
        null,
        1,
        1,
        1,
        null,
        null,
        1,
        1,
        1,
        null,
        null,
        1,
        1,
        1,
        1,
        null,
        null,
        1,
        1,
        1,
        null,
        null
      ],
      "C:/Users/Erkki/Documents/opiskelu/rubywepa/mtgcollection/config/routes.rb": [
        1,
        null,
        1,
        1,
        null,
        null,
        1,
        1,
        null,
        null,
        1,
        1,
        1,
        null,
        null,
        1,
        1,
        null,
        1,
        1,
        null,
        1,
        null,
        1,
        null,
        1,
        null,
        1,
        null,
        1,
        1,
        1,
        null,
        null,
        null,
        null,
        null,
        1,
        null,
        null,
        null,
        null,
        null,
        null,
        null,
        null,
        null,
        null,
        null,
        null,
        null,
        null,
        null,
        null,
        null,
        null,
        null,
        null,
        null,
        null,
        null,
        null,
        null,
        null,
        null,
        null,
        null,
        null,
        null,
        null,
        null,
        null,
        null,
        null,
        null,
        null,
        null,
        null,
        null,
        null,
        null,
        null,
        null,
        null,
        null,
        null,
        null,
        null
      ],
      "C:/Users/Erkki/Documents/opiskelu/rubywepa/mtgcollection/app/helpers/application_helper.rb": [
        1,
        null
      ],
      "C:/Users/Erkki/Documents/opiskelu/rubywepa/mtgcollection/app/helpers/cards_helper.rb": [
        1,
        null
      ],
      "C:/Users/Erkki/Documents/opiskelu/rubywepa/mtgcollection/app/helpers/expansions_helper.rb": [
        1,
        null
      ],
      "C:/Users/Erkki/Documents/opiskelu/rubywepa/mtgcollection/app/helpers/owned_cards_helper.rb": [
        1,
        null
      ],
      "C:/Users/Erkki/Documents/opiskelu/rubywepa/mtgcollection/app/helpers/payments_helper.rb": [
        1,
        null
      ],
      "C:/Users/Erkki/Documents/opiskelu/rubywepa/mtgcollection/app/helpers/printings_helper.rb": [
        1,
        null
      ],
      "C:/Users/Erkki/Documents/opiskelu/rubywepa/mtgcollection/app/helpers/sessions_helper.rb": [
        1,
        1,
        0,
        0,
        null,
        null,
        1,
        0,
        null,
        null,
        1,
        0,
        0,
        null,
        null,
        1,
        0,
        null,
        null,
        1,
        0,
        null,
        null
      ],
      "C:/Users/Erkki/Documents/opiskelu/rubywepa/mtgcollection/app/helpers/traded_cards_helper.rb": [
        1,
        null
      ],
      "C:/Users/Erkki/Documents/opiskelu/rubywepa/mtgcollection/app/helpers/trades_helper.rb": [
        1,
        null
      ],
      "C:/Users/Erkki/Documents/opiskelu/rubywepa/mtgcollection/app/helpers/users_helper.rb": [
        1,
        null
      ],
      "C:/Users/Erkki/Documents/opiskelu/rubywepa/mtgcollection/spec/support/helpers/browser_test_helper.rb": [
        1,
        1,
        0,
        0,
        0,
        0,
        null,
        null
      ],
      "C:/Users/Erkki/Documents/opiskelu/rubywepa/mtgcollection/app/models/card.rb": [
        1,
        1,
        1,
        1,
        1,
        null,
        1,
        1,
        1,
        null,
        null,
        1,
        3,
        3,
        null,
        0,
        null,
        null,
        null,
        1,
        0,
        null,
        null
      ],
      "C:/Users/Erkki/Documents/opiskelu/rubywepa/mtgcollection/spec/models/payment_spec.rb": [
        1,
        null,
        1,
        5,
        null,
        1,
        5,
        null,
        1,
        1,
        null,
        1,
        null,
        null,
        1,
        1,
        null,
        1,
        null,
        null,
        1,
        1,
        1,
        null,
        1,
        null,
        null,
        1,
        1,
        1,
        null,
        1,
        null,
        null,
        null,
        null
      ],
      "C:/Users/Erkki/Documents/opiskelu/rubywepa/mtgcollection/app/models/payment.rb": [
        1,
        1,
        null,
        1,
        1,
        null,
        1,
        1,
        null,
        null,
        null,
        1,
        4,
        4,
        2,
        null,
        4,
        4,
        null,
        null,
        1,
        0,
        null,
        null
      ],
      "C:/Users/Erkki/Documents/opiskelu/rubywepa/mtgcollection/spec/models/trade_spec.rb": [
        1,
        null,
        1,
        1,
        null
      ],
      "C:/Users/Erkki/Documents/opiskelu/rubywepa/mtgcollection/app/models/trade.rb": [
        1,
        1,
        1,
        1,
        1,
        1,
        null,
        1,
        null,
        1,
        0,
        null,
        null,
        1,
        0,
        null,
        null,
        1,
        0,
        0,
        0,
        null,
        0,
        0,
        null,
        null,
        null
      ],
      "C:/Users/Erkki/Documents/opiskelu/rubywepa/mtgcollection/spec/models/traded_card_spec.rb": [
        1,
        null,
        1,
        1,
        null
      ],
      "C:/Users/Erkki/Documents/opiskelu/rubywepa/mtgcollection/app/models/traded_card.rb": [
        null,
        1,
        1,
        null,
        1,
        1,
        null,
        null,
        1,
        null,
        1,
        null,
        1,
        1,
        1,
        1,
        1,
        null,
        null,
        null,
        1,
        0,
        0,
        0,
        0,
        null,
        0,
        0,
        null,
        null,
        1,
        0,
        null,
        null
      ],
      "C:/Users/Erkki/Documents/opiskelu/rubywepa/mtgcollection/lib/form_value_type_caster.rb": [
        1,
        null,
        null,
        1,
        0,
        0,
        0,
        0,
        null,
        0,
        null,
        null,
        0,
        null,
        null
      ],
      "C:/Users/Erkki/Documents/opiskelu/rubywepa/mtgcollection/app/models/user.rb": [
        1,
        null,
        1,
        1,
        1,
        null,
        1,
        null,
        1,
        1,
        null,
        1,
        null,
        1,
        0,
        null,
        null
      ],
      "C:/Users/Erkki/Documents/opiskelu/rubywepa/mtgcollection/app/models/expansion.rb": [
        1,
        1,
        1,
        null,
        1,
        1,
        null,
        1,
        0,
        null,
        null
      ],
      "C:/Users/Erkki/Documents/opiskelu/rubywepa/mtgcollection/app/models/printing.rb": [
        1,
        1,
        1,
        1,
        1,
        null,
        1,
        null,
        null,
        1,
        0,
        0,
        null,
        0,
        null,
        null,
        null,
        null,
        1,
        0,
        0,
        null,
        0,
        null,
        null,
        null,
        1,
        null,
        0,
        null,
        null,
        1,
        0,
        null,
        null
      ]
    },
    "timestamp": 1383833156
  }
}
