{
  "RSpec": {
    "coverage": {
      "C:/Users/Erkki/Documents/opiskelu/rubywepa/mtgcollection/config/environment.rb": [
        null,
        1,
        null,
        null,
        1
      ],
      "C:/Users/Erkki/Documents/opiskelu/rubywepa/mtgcollection/config/application.rb": [
        1,
        null,
        1,
        null,
        null,
        null,
        1,
        null,
        1,
        1,
        1,
        null,
        null,
        null,
        null,
        null,
        null,
        null,
        null,
        null,
        null,
        null,
        null,
        null
      ],
      "C:/Users/Erkki/Documents/opiskelu/rubywepa/mtgcollection/config/boot.rb": [
        null,
        1,
        null,
        1
      ],
      "C:/Users/Erkki/Documents/opiskelu/rubywepa/mtgcollection/config/environments/test.rb": [
        1,
        null,
        null,
        null,
        null,
        null,
        null,
        1,
        null,
        null,
        null,
        null,
        1,
        null,
        null,
        1,
        1,
        null,
        null,
        1,
        1,
        null,
        null,
        1,
        null,
        null,
        1,
        null,
        null,
        null,
        null,
        1,
        null,
        null,
        1,
        null
      ],
      "C:/Users/Erkki/Documents/opiskelu/rubywepa/mtgcollection/config/initializers/backtrace_silencers.rb": [
        null,
        null,
        null,
        null,
        null,
        null,
        null
      ],
      "C:/Users/Erkki/Documents/opiskelu/rubywepa/mtgcollection/config/initializers/filter_parameter_logging.rb": [
        null,
        null,
        null,
        1
      ],
      "C:/Users/Erkki/Documents/opiskelu/rubywepa/mtgcollection/config/initializers/inflections.rb": [
        null,
        null,
        null,
        null,
        null,
        null,
        null,
        null,
        null,
        null,
        null,
        null,
        null,
        null,
        null,
        null
      ],
      "C:/Users/Erkki/Documents/opiskelu/rubywepa/mtgcollection/config/initializers/mime_types.rb": [
        null,
        null,
        null,
        null,
        null
      ],
      "C:/Users/Erkki/Documents/opiskelu/rubywepa/mtgcollection/config/initializers/secret_token.rb": [
        null,
        null,
        null,
        null,
        null,
        null,
        null,
        null,
        null,
        null,
        null,
        1
      ],
      "C:/Users/Erkki/Documents/opiskelu/rubywepa/mtgcollection/config/initializers/session_store.rb": [
        null,
        null,
        1
      ],
      "C:/Users/Erkki/Documents/opiskelu/rubywepa/mtgcollection/config/initializers/wrap_parameters.rb": [
        null,
        null,
        null,
        null,
        null,
        null,
        1,
        1,
        null,
        null,
        null,
        null,
        null,
        null
      ],
      "C:/Users/Erkki/Documents/opiskelu/rubywepa/mtgcollection/spec/factories.rb": [
        1,
        null,
        1,
        53,
        1,
        1,
        null,
        null,
        1,
        34,
        34,
        null,
        null,
        1,
        14,
        15,
        null,
        null,
        1,
        1,
        1,
        null,
        null,
        1,
        1,
        1,
        1,
        null,
        null,
        1,
        1,
        1,
        null,
        null
      ],
      "C:/Users/Erkki/Documents/opiskelu/rubywepa/mtgcollection/config/routes.rb": [
        1,
        null,
        1,
        1,
        null,
        null,
        1,
        1,
        null,
        null,
        1,
        1,
        1,
        null,
        null,
        1,
        1,
        null,
        1,
        1,
        null,
        1,
        null,
        1,
        null,
        1,
        null,
        1,
        null,
        1,
        1,
        1,
        null,
        null,
        null,
        null,
        null,
        1,
        null,
        null,
        null,
        null,
        null,
        null,
        null,
        null,
        null,
        null,
        null,
        null,
        null,
        null,
        null,
        null,
        null,
        null,
        null,
        null,
        null,
        null,
        null,
        null,
        null,
        null,
        null,
        null,
        null,
        null,
        null,
        null,
        null,
        null,
        null,
        null,
        null,
        null,
        null,
        null,
        null,
        null,
        null,
        null,
        null,
        null,
        null,
        null,
        null,
        null
      ],
      "C:/Users/Erkki/Documents/opiskelu/rubywepa/mtgcollection/app/helpers/application_helper.rb": [
        1,
        null
      ],
      "C:/Users/Erkki/Documents/opiskelu/rubywepa/mtgcollection/app/helpers/cards_helper.rb": [
        1,
        null
      ],
      "C:/Users/Erkki/Documents/opiskelu/rubywepa/mtgcollection/app/helpers/expansions_helper.rb": [
        1,
        null
      ],
      "C:/Users/Erkki/Documents/opiskelu/rubywepa/mtgcollection/app/helpers/owned_cards_helper.rb": [
        1,
        null
      ],
      "C:/Users/Erkki/Documents/opiskelu/rubywepa/mtgcollection/app/helpers/payments_helper.rb": [
        1,
        null
      ],
      "C:/Users/Erkki/Documents/opiskelu/rubywepa/mtgcollection/app/helpers/printings_helper.rb": [
        1,
        null
      ],
      "C:/Users/Erkki/Documents/opiskelu/rubywepa/mtgcollection/app/helpers/sessions_helper.rb": [
        1,
        1,
        2,
        2,
        null,
        null,
        1,
        52,
        null,
        null,
        1,
        0,
        0,
        null,
        null,
        1,
        2,
        null,
        null,
        1,
        71,
        null,
        null
      ],
      "C:/Users/Erkki/Documents/opiskelu/rubywepa/mtgcollection/app/helpers/traded_cards_helper.rb": [
        1,
        null
      ],
      "C:/Users/Erkki/Documents/opiskelu/rubywepa/mtgcollection/app/helpers/trades_helper.rb": [
        1,
        null
      ],
      "C:/Users/Erkki/Documents/opiskelu/rubywepa/mtgcollection/app/helpers/users_helper.rb": [
        1,
        null
      ],
      "C:/Users/Erkki/Documents/opiskelu/rubywepa/mtgcollection/spec/support/helpers/browser_test_helper.rb": [
        1,
        1,
        3,
        3,
        3,
        3,
        null,
        null
      ],
      "C:/Users/Erkki/Documents/opiskelu/rubywepa/mtgcollection/app/controllers/payments_controller.rb": [
        1,
        1,
        null,
        null,
        null,
        1,
        1,
        null,
        null,
        null,
        null,
        1,
        null,
        null,
        null,
        1,
        1,
        null,
        null,
        null,
        1,
        null,
        null,
        null,
        null,
        1,
        5,
        null,
        5,
        5,
        6,
        3,
        null,
        4,
        2,
        null,
        null,
        null,
        null,
        null,
        null,
        1,
        5,
        5,
        4,
        2,
        null,
        6,
        3,
        null,
        null,
        null,
        null,
        1,
        0,
        0,
        null,
        0,
        0,
        null,
        0,
        0,
        0,
        0,
        0,
        null,
        0,
        0,
        0,
        null,
        null,
        null,
        null,
        null,
        null,
        1,
        2,
        2,
        2,
        2,
        4,
        2,
        null,
        null,
        null,
        1,
        null,
        1,
        9,
        null,
        null,
        null,
        1,
        10,
        null,
        null
      ],
      "C:/Users/Erkki/Documents/opiskelu/rubywepa/mtgcollection/app/controllers/application_controller.rb": [
        1,
        1,
        null,
        null,
        null,
        1,
        1,
        null,
        1,
        52,
        null,
        null
      ],
      "C:/Users/Erkki/Documents/opiskelu/rubywepa/mtgcollection/spec/controllers/traded_cards_controller_spec.rb": [
        1,
        null,
        1,
        17,
        14,
        14,
        null,
        null,
        null,
        null,
        14,
        null,
        null,
        null,
        null,
        17,
        null,
        1,
        1,
        1,
        1,
        1,
        null,
        null,
        null,
        1,
        1,
        1,
        1,
        1,
        null,
        null,
        null,
        1,
        1,
        1,
        1,
        null,
        null,
        null,
        1,
        1,
        1,
        1,
        1,
        null,
        null,
        null,
        1,
        1,
        1,
        1,
        1,
        1,
        null,
        null,
        null,
        1,
        1,
        1,
        1,
        null,
        null,
        1,
        1,
        1,
        null,
        null,
        null,
        1,
        1,
        null,
        1,
        1,
        1,
        null,
        null,
        1,
        null,
        1,
        1,
        1,
        null,
        null,
        null,
        null,
        1,
        1,
        1,
        1,
        null,
        null,
        null,
        null,
        1,
        1,
        null,
        null,
        1,
        1,
        1,
        1,
        null,
        null,
        1,
        1,
        1,
        1,
        null,
        null,
        null,
        1,
        1,
        1,
        null,
        1,
        1,
        1,
        null,
        null,
        1,
        1,
        null,
        1,
        1,
        1,
        null,
        null,
        null,
        null,
        1,
        1,
        1,
        1,
        1,
        null,
        null,
        null,
        1,
        1,
        1,
        1,
        null,
        null,
        null,
        null
      ],
      "C:/Users/Erkki/Documents/opiskelu/rubywepa/mtgcollection/app/controllers/traded_cards_controller.rb": [
        1,
        1,
        null,
        null,
        null,
        1,
        1,
        null,
        null,
        null,
        null,
        1,
        null,
        null,
        null,
        1,
        1,
        null,
        null,
        null,
        1,
        null,
        null,
        null,
        null,
        1,
        5,
        null,
        5,
        5,
        6,
        3,
        3,
        null,
        4,
        2,
        null,
        null,
        null,
        null,
        null,
        null,
        1,
        0,
        0,
        null,
        0,
        0,
        null,
        0,
        0,
        0,
        0,
        0,
        null,
        0,
        0,
        0,
        null,
        null,
        null,
        null,
        null,
        null,
        1,
        5,
        5,
        4,
        2,
        null,
        6,
        3,
        null,
        null,
        null,
        null,
        null,
        null,
        1,
        2,
        2,
        2,
        2,
        4,
        2,
        null,
        null,
        null,
        1,
        null,
        1,
        9,
        null,
        null,
        null,
        1,
        10,
        null,
        null
      ],
      "C:/Users/Erkki/Documents/opiskelu/rubywepa/mtgcollection/spec/controllers/trades_controller_spec.rb": [
        1,
        null,
        1,
        null,
        17,
        null,
        null,
        null,
        null,
        14,
        null,
        null,
        null,
        null,
        17,
        null,
        1,
        1,
        1,
        1,
        1,
        null,
        null,
        null,
        1,
        1,
        1,
        1,
        1,
        null,
        null,
        null,
        1,
        1,
        1,
        1,
        null,
        null,
        null,
        1,
        1,
        1,
        1,
        1,
        null,
        null,
        null,
        1,
        1,
        1,
        1,
        1,
        null,
        null,
        null,
        1,
        1,
        1,
        1,
        null,
        null,
        1,
        1,
        1,
        null,
        null,
        null,
        1,
        1,
        null,
        1,
        1,
        1,
        null,
        null,
        1,
        null,
        1,
        1,
        1,
        null,
        null,
        null,
        null,
        1,
        1,
        1,
        1,
        null,
        null,
        null,
        null,
        1,
        1,
        null,
        null,
        1,
        1,
        1,
        1,
        null,
        null,
        1,
        1,
        1,
        1,
        null,
        null,
        null,
        1,
        1,
        1,
        null,
        1,
        1,
        1,
        null,
        null,
        1,
        1,
        null,
        1,
        1,
        1,
        null,
        null,
        null,
        null,
        1,
        1,
        1,
        1,
        1,
        null,
        null,
        null,
        1,
        1,
        1,
        1,
        null,
        null,
        null,
        null
      ],
      "C:/Users/Erkki/Documents/opiskelu/rubywepa/mtgcollection/app/controllers/trades_controller.rb": [
        1,
        1,
        null,
        null,
        1,
        0,
        0,
        0,
        0,
        0,
        null,
        null,
        null,
        null,
        null,
        1,
        1,
        null,
        null,
        null,
        null,
        1,
        1,
        null,
        null,
        null,
        1,
        1,
        null,
        null,
        null,
        1,
        1,
        1,
        null,
        null,
        null,
        null,
        1,
        5,
        null,
        5,
        5,
        6,
        3,
        null,
        4,
        2,
        null,
        null,
        null,
        null,
        null,
        null,
        1,
        5,
        5,
        4,
        2,
        null,
        6,
        3,
        null,
        null,
        null,
        null,
        null,
        null,
        1,
        2,
        2,
        4,
        2,
        null,
        null,
        null,
        1,
        null,
        1,
        9,
        null,
        null,
        null,
        1,
        10,
        null,
        null
      ],
      "C:/Users/Erkki/Documents/opiskelu/rubywepa/mtgcollection/spec/decorators/payment_decorator_spec.rb": [
        1,
        null,
        1,
        null
      ],
      "C:/Users/Erkki/Documents/opiskelu/rubywepa/mtgcollection/app/decorators/payment_decorator.rb": [
        1,
        1,
        null,
        1,
        0,
        null,
        null,
        1,
        0,
        null,
        null,
        null,
        1,
        0,
        null,
        null,
        null
      ],
      "C:/Users/Erkki/Documents/opiskelu/rubywepa/mtgcollection/app/models/payment.rb": [
        1,
        1,
        null,
        3,
        3,
        null,
        1,
        1,
        null,
        null,
        null,
        1,
        4,
        4,
        2,
        null,
        4,
        4,
        null,
        null,
        1,
        0,
        null,
        null
      ],
      "C:/Users/Erkki/Documents/opiskelu/rubywepa/mtgcollection/spec/decorators/trade_decorator_spec.rb": [
        1,
        null,
        1,
        null
      ],
      "C:/Users/Erkki/Documents/opiskelu/rubywepa/mtgcollection/app/decorators/trade_decorator.rb": [
        1,
        1,
        1,
        null,
        1,
        2,
        2,
        null,
        null,
        1,
        2,
        2,
        null,
        null,
        null
      ],
      "C:/Users/Erkki/Documents/opiskelu/rubywepa/mtgcollection/app/models/trade.rb": [
        1,
        1,
        1,
        1,
        1,
        1,
        null,
        1,
        null,
        1,
        0,
        null,
        null,
        1,
        0,
        null,
        null,
        1,
        0,
        0,
        0,
        null,
        0,
        0,
        null,
        null,
        null
      ],
      "C:/Users/Erkki/Documents/opiskelu/rubywepa/mtgcollection/spec/decorators/traded_card_decorator_spec.rb": [
        1,
        null,
        1,
        null
      ],
      "C:/Users/Erkki/Documents/opiskelu/rubywepa/mtgcollection/app/decorators/traded_card_decorator.rb": [
        1,
        1,
        null,
        1,
        0,
        null,
        null,
        1,
        0,
        null,
        null,
        null,
        1,
        0,
        0,
        0,
        0,
        0,
        null,
        null,
        null
      ],
      "C:/Users/Erkki/Documents/opiskelu/rubywepa/mtgcollection/app/models/traded_card.rb": [
        null,
        1,
        1,
        null,
        1,
        1,
        null,
        null,
        3,
        null,
        3,
        null,
        1,
        1,
        1,
        1,
        1,
        null,
        null,
        null,
        1,
        0,
        0,
        0,
        0,
        null,
        0,
        0,
        null,
        null,
        1,
        0,
        null,
        null
      ],
      "C:/Users/Erkki/Documents/opiskelu/rubywepa/mtgcollection/lib/form_value_type_caster.rb": [
        1,
        null,
        null,
        1,
        0,
        0,
        0,
        0,
        null,
        0,
        null,
        null,
        0,
        null,
        null
      ],
      "C:/Users/Erkki/Documents/opiskelu/rubywepa/mtgcollection/spec/features/users_spec.rb": [
        1,
        null,
        1,
        1,
        null,
        5,
        null,
        1,
        1,
        1,
        1,
        1,
        null,
        1,
        1,
        2,
        null,
        null,
        1,
        1,
        1,
        null,
        1,
        1,
        null,
        null,
        1,
        1,
        null,
        1,
        1,
        null,
        null,
        1,
        1,
        null,
        1,
        1,
        null,
        1,
        null,
        1,
        1,
        null,
        null,
        null
      ],
      "C:/Users/Erkki/Documents/opiskelu/rubywepa/mtgcollection/spec/models/card_spec.rb": [
        1,
        null,
        1,
        1,
        1,
        null,
        1,
        null,
        null,
        1,
        1,
        null,
        1,
        null,
        null,
        1,
        5,
        5,
        5,
        5,
        null,
        1,
        1,
        null,
        null,
        1,
        1,
        null,
        1,
        null,
        null,
        1,
        1,
        null,
        1,
        null,
        null,
        1,
        1,
        null,
        1,
        null,
        null,
        null
      ],
      "C:/Users/Erkki/Documents/opiskelu/rubywepa/mtgcollection/app/models/card.rb": [
        1,
        1,
        1,
        1,
        1,
        null,
        1,
        1,
        1,
        null,
        null,
        1,
        3,
        3,
        null,
        0,
        null,
        null,
        null,
        1,
        1,
        null,
        null
      ],
      "C:/Users/Erkki/Documents/opiskelu/rubywepa/mtgcollection/spec/models/payment_spec.rb": [
        1,
        null,
        1,
        5,
        null,
        1,
        5,
        null,
        1,
        1,
        null,
        1,
        null,
        null,
        1,
        1,
        null,
        1,
        null,
        null,
        1,
        1,
        1,
        null,
        1,
        null,
        null,
        1,
        1,
        1,
        null,
        1,
        null,
        null,
        null,
        null
      ],
      "C:/Users/Erkki/Documents/opiskelu/rubywepa/mtgcollection/spec/models/trade_spec.rb": [
        1,
        null,
        1,
        1,
        null
      ],
      "C:/Users/Erkki/Documents/opiskelu/rubywepa/mtgcollection/spec/models/traded_card_spec.rb": [
        1,
        null,
        1,
        1,
        null
      ],
      "C:/Users/Erkki/Documents/opiskelu/rubywepa/mtgcollection/spec/routing/payments_routing_spec.rb": [
        1,
        null,
        1,
        1,
        null,
        1,
        1,
        null,
        null,
        1,
        1,
        null,
        null,
        1,
        1,
        null,
        null,
        null,
        null
      ],
      "C:/Users/Erkki/Documents/opiskelu/rubywepa/mtgcollection/spec/routing/traded_cards_routing_spec.rb": [
        1,
        null,
        1,
        1,
        null,
        1,
        1,
        null,
        null,
        1,
        1,
        null,
        null,
        1,
        1,
        null,
        null,
        1,
        1,
        null,
        null,
        1,
        1,
        null,
        null,
        1,
        1,
        null,
        null,
        1,
        1,
        null,
        null,
        null,
        null
      ],
      "C:/Users/Erkki/Documents/opiskelu/rubywepa/mtgcollection/spec/routing/trades_routing_spec.rb": [
        1,
        null,
        1,
        1,
        null,
        1,
        1,
        null,
        null,
        1,
        1,
        null,
        null,
        1,
        1,
        null,
        null,
        1,
        1,
        null,
        null,
        1,
        1,
        null,
        null,
        1,
        1,
        null,
        null,
        1,
        1,
        null,
        null,
        null,
        null
      ],
      "C:/Users/Erkki/Documents/opiskelu/rubywepa/mtgcollection/spec/views/payments/edit.html.erb_spec.rb": [
        1,
        null,
        1,
        1,
        1,
        null,
        null,
        null,
        null,
        null,
        1,
        1,
        null,
        null,
        1,
        1,
        1,
        null,
        null,
        null
      ],
      "C:/Users/Erkki/Documents/opiskelu/rubywepa/mtgcollection/spec/views/payments/index.html.erb_spec.rb": [
        1,
        null,
        1,
        1,
        1,
        null,
        null,
        null,
        null,
        null,
        null,
        null,
        null,
        null,
        null,
        null,
        1,
        1,
        null,
        1,
        1,
        null,
        null
      ],
      "C:/Users/Erkki/Documents/opiskelu/rubywepa/mtgcollection/spec/views/payments/new.html.erb_spec.rb": [
        1,
        null,
        1,
        1,
        1,
        null,
        null,
        null,
        null,
        null,
        1,
        1,
        null,
        null,
        1,
        1,
        1,
        null,
        null,
        null
      ],
      "C:/Users/Erkki/Documents/opiskelu/rubywepa/mtgcollection/spec/views/payments/show.html.erb_spec.rb": [
        1,
        null,
        1,
        1,
        1,
        null,
        null,
        null,
        null,
        null,
        1,
        1,
        null,
        1,
        1,
        null,
        null
      ],
      "C:/Users/Erkki/Documents/opiskelu/rubywepa/mtgcollection/spec/views/traded_cards/edit.html.erb_spec.rb": [
        1,
        null,
        1,
        1,
        1,
        null,
        null,
        null,
        null,
        null,
        null,
        null,
        1,
        1,
        null,
        null,
        1,
        1,
        1,
        1,
        1,
        null,
        null,
        null
      ],
      "C:/Users/Erkki/Documents/opiskelu/rubywepa/mtgcollection/spec/views/traded_cards/new.html.erb_spec.rb": [
        1,
        null,
        1,
        1,
        1,
        null,
        null,
        null,
        null,
        null,
        null,
        null,
        1,
        1,
        null,
        null,
        1,
        1,
        1,
        1,
        1,
        null,
        null,
        null
      ],
      "C:/Users/Erkki/Documents/opiskelu/rubywepa/mtgcollection/spec/views/traded_cards/show.html.erb_spec.rb": [
        1,
        null,
        1,
        1,
        1,
        null,
        null,
        null,
        null,
        null,
        null,
        null,
        1,
        1,
        null,
        1,
        1,
        1,
        1,
        null,
        null
      ],
      "C:/Users/Erkki/Documents/opiskelu/rubywepa/mtgcollection/spec/views/trades/edit.html.erb_spec.rb": [
        1,
        null,
        1,
        1,
        1,
        null,
        null,
        null,
        1,
        null,
        null,
        1,
        1,
        null,
        null,
        1,
        1,
        1,
        null,
        null,
        null
      ],
      "C:/Users/Erkki/Documents/opiskelu/rubywepa/mtgcollection/spec/views/trades/index.html.erb_spec.rb": [
        1,
        null,
        1,
        1,
        1,
        null,
        null,
        null,
        null,
        1,
        1,
        null,
        null,
        null,
        null,
        null,
        null,
        null,
        null,
        null,
        null,
        null,
        1,
        1,
        null,
        1,
        1,
        null,
        null
      ],
      "C:/Users/Erkki/Documents/opiskelu/rubywepa/mtgcollection/spec/views/trades/new.html.erb_spec.rb": [
        1,
        null,
        1,
        1,
        1,
        null,
        null,
        null,
        null,
        null,
        1,
        1,
        null,
        null,
        1,
        1,
        1,
        null,
        null,
        null
      ],
      "C:/Users/Erkki/Documents/opiskelu/rubywepa/mtgcollection/spec/views/trades/show.html.erb_spec.rb": [
        1,
        null,
        1,
        1,
        1,
        null,
        null,
        null,
        null,
        null,
        1,
        1,
        null,
        1,
        1,
        null,
        null
      ],
      "C:/Users/Erkki/Documents/opiskelu/rubywepa/mtgcollection/app/models/user.rb": [
        1,
        null,
        1,
        1,
        1,
        null,
        1,
        null,
        1,
        1,
        null,
        1,
        null,
        1,
        2,
        null,
        null
      ],
      "C:/Users/Erkki/Documents/opiskelu/rubywepa/mtgcollection/app/models/printing.rb": [
        1,
        1,
        1,
        1,
        1,
        null,
        1,
        null,
        null,
        1,
        0,
        0,
        null,
        0,
        null,
        null,
        null,
        null,
        1,
        0,
        0,
        null,
        0,
        null,
        null,
        null,
        1,
        null,
        0,
        null,
        null,
        1,
        0,
        null,
        null
      ],
      "C:/Users/Erkki/Documents/opiskelu/rubywepa/mtgcollection/app/models/expansion.rb": [
        1,
        1,
        1,
        null,
        1,
        1,
        null,
        1,
        1,
        null,
        null
      ],
      "C:/Users/Erkki/Documents/opiskelu/rubywepa/mtgcollection/app/controllers/users_controller.rb": [
        1,
        1,
        1,
        null,
        null,
        null,
        1,
        0,
        null,
        null,
        null,
        null,
        1,
        3,
        null,
        null,
        null,
        1,
        1,
        null,
        null,
        null,
        1,
        null,
        null,
        null,
        null,
        1,
        1,
        null,
        1,
        1,
        2,
        1,
        null,
        0,
        0,
        null,
        null,
        null,
        null,
        null,
        null,
        1,
        0,
        0,
        0,
        0,
        null,
        0,
        0,
        null,
        null,
        null,
        null,
        null,
        null,
        1,
        0,
        0,
        0,
        0,
        null,
        null,
        null,
        1,
        null,
        null,
        1,
        3,
        null,
        null,
        null,
        1,
        1,
        null,
        null
      ],
      "C:/Users/Erkki/Documents/opiskelu/rubywepa/mtgcollection/app/controllers/sessions_controller.rb": [
        1,
        1,
        1,
        null,
        null,
        1,
        3,
        3,
        2,
        2,
        null,
        1,
        null,
        null,
        null,
        1,
        0,
        0,
        null,
        null
      ],
      "C:/Users/Erkki/Documents/opiskelu/rubywepa/mtgcollection/app/models/owned_card.rb": [
        1,
        1,
        1,
        1,
        1,
        null,
        1,
        1,
        null,
        1,
        0,
        null,
        null
      ]
    },
    "timestamp": 1384343634
  }
}
